<?xml version='1.0' encoding='UTF-8'?>
<testsuite hostname="Kubuntu2004" name="gcd.GCDSpec" tests="1" errors="0" failures="0" skipped="0" time="3.13" timestamp="2023-07-14T14:01:14">
          <properties>
      <property name="java.specification.version" value="18"/><property name="sun.jnu.encoding" value="UTF-8"/><property name="sun.arch.data.model" value="64"/><property name="sbt.supershell" value="false"/><property name="java.vendor.url" value="https://aws.amazon.com/corretto/"/><property name="sun.boot.library.path" value="/home/guanjinlong/.jdks/corretto-18.0.2/lib"/><property name="sun.java.command" value="/home/guanjinlong/.config/JetBrains/RemoteDev-IU/_home_guanjinlong_PCIe/plugins/Scala/launcher/sbt-launch.jar early(addPluginSbtFile=&quot;&quot;&quot;/tmp/idea.sbt&quot;&quot;&quot;) ; set ideaPort in Global := 34797 ; idea-shell"/><property name="jdk.debug" value="release"/><property name="sun.stderr.encoding" value="UTF-8"/><property name="java.specification.vendor" value="Oracle Corporation"/><property name="java.version.date" value="2022-07-19"/><property name="java.home" value="/home/guanjinlong/.jdks/corretto-18.0.2"/><property name="file.separator" value="/"/><property name="java.vm.compressedOopsMode" value="32-bit"/><property name="sun.stdout.encoding" value="UTF-8"/><property name="line.separator" value="
"/><property name="java.vm.specification.vendor" value="Oracle Corporation"/><property name="java.specification.name" value="Java Platform API Specification"/><property name="idea.installation.dir" value="/home/guanjinlong/.cache/JetBrains/RemoteDev/dist/0fbf6d7f799c1_ideaIU-232.7754.73"/><property name="sun.management.compiler" value="HotSpot 64-Bit Tiered Compilers"/><property name="java.runtime.version" value="18.0.2+9-FR"/><property name="user.name" value="guanjinlong"/><property name="log4j.ignoreTCL" value="true"/><property name="file.encoding" value="UTF-8"/><property name="jnidispatch.path" value="/home/guanjinlong/.cache/JNA/temp/jna13426828148484242545.tmp"/><property name="java.vendor.version" value="Corretto-18.0.2.9.1"/><property name="jna.loaded" value="true"/><property name="java.io.tmpdir" value="/tmp"/><property name="java.version" value="18.0.2"/><property name="java.vm.specification.name" value="Java Virtual Machine Specification"/><property name="native.encoding" value="UTF-8"/><property name="java.library.path" value="/usr/java/packages/lib:/usr/lib64:/lib64:/lib:/usr/lib"/><property name="java.vendor" value="Amazon.com Inc."/><property name="sun.io.unicode.encoding" value="UnicodeLittle"/><property name="java.class.path" value="/home/guanjinlong/.config/JetBrains/RemoteDev-IU/_home_guanjinlong_PCIe/plugins/Scala/launcher/sbt-launch.jar"/><property name="java.vm.vendor" value="Amazon.com Inc."/><property name="jline.shutdownhook" value="false"/><property name="user.timezone" value="Asia/Shanghai"/><property name="java.vm.specification.version" value="18"/><property name="os.name" value="Linux"/><property name="sun.java.launcher" value="SUN_STANDARD"/><property name="user.country" value="CN"/><property name="sun.cpu.endian" value="little"/><property name="user.home" value="/home/guanjinlong"/><property name="user.language" value="zh"/><property name="sbt.ipcsocket.tmpdir" value="/run/user/1009/.sbt2ba4ec2c/ipcsocket"/><property name="swoval.tmpdir" value="/run/user/1009/.sbt2ba4ec2c/swoval"/><property name="jline.esc.timeout" value="0"/><property name="path.separator" value=":"/><property name="os.version" value="5.15.0-76-generic"/><property name="jna.nosys" value="true"/><property name="java.runtime.name" value="OpenJDK Runtime Environment"/><property name="java.vm.name" value="OpenJDK 64-Bit Server VM"/><property name="jna.platform.library.path" value="/usr/lib/x86_64-linux-gnu:/lib/x86_64-linux-gnu:/usr/lib64:/lib64:/usr/lib:/lib:/usr/lib/vmware-tools/lib64/libvmGuestLibJava.so:/usr/lib/vmware-tools/lib32/libvmGuestLibJava.so:/usr/lib/vmware-tools/lib64/libvmGuestLib.so:/usr/lib/vmware-tools/lib32/libvmGuestLib.so:/lib32:/usr/lib/x86_64-linux-gnu/libfakeroot:/usr/lib/vmware-tools/lib64/libDeployPkg.so:/usr/lib/vmware-tools/lib32/libDeployPkg.so"/><property name="java.vendor.url.bug" value="https://github.com/corretto/corretto-18/issues/"/><property name="user.dir" value="/home/guanjinlong/PCIe"/><property name="os.arch" value="amd64"/><property name="idea.managed" value="true"/><property name="java.vm.info" value="mixed mode, sharing"/><property name="java.vm.version" value="18.0.2+9-FR"/><property name="java.class.version" value="62.0"/>
    </properties>
          <testcase classname="gcd.GCDSpec" name="Gcd should calculate proper greatest common denominator" time="3.13">
                      
                    </testcase>
          <system-out><![CDATA[]]></system-out>
          <system-err><![CDATA[]]></system-err>
        </testsuite>